This is pdfTeX, Version 3.14159265-2.6-1.40.15 (TeX Live 2014) (preloaded format=pdftex 2014.10.17)  23 DEC 2014 09:45
entering extended mode
 restricted \write18 enabled.
 file:line:error style messages enabled.
 %&-line parsing enabled.
**Prefacio.tex
(./Prefacio.tex
./Prefacio.tex:2: Undefined control sequence.
l.2 \documentclass
                  [10.5pt, a4paper]{article}
? 
./Prefacio.tex:5: Undefined control sequence.
l.5 \usepackage
               [margin=1in]{geometry}
? 
./Prefacio.tex:6: Undefined control sequence.
l.6 \usepackage
               {graphicx}
? 
./Prefacio.tex:7: Undefined control sequence.
l.7 \usepackage
               {amsmath}
? 
./Prefacio.tex:8: Undefined control sequence.
l.8 \usepackage
               {amsfonts}
? 
./Prefacio.tex:9: Undefined control sequence.
l.9 \usepackage
               {amsthm}
? 
./Prefacio.tex:10: Undefined control sequence.
l.10 \usepackage
                {enumerate}
? 
./Prefacio.tex:11: Undefined control sequence.
l.11 \usepackage
                {tikz-cd}
? 
./Prefacio.tex:12: Undefined control sequence.
l.12 \usepackage
                [colorlinks=true , linktoc=page]{hyperref}
? 
./Prefacio.tex:13: Undefined control sequence.
l.13 \usepackage
                {url}
? 
./Prefacio.tex:14: Undefined control sequence.
l.14 \usepackage
                [full]{complexity}        %que ordenado maquina jaja
? 
./Prefacio.tex:20: Undefined control sequence.
l.20 \usepackage
                {float}
? 
./Prefacio.tex:21: Undefined control sequence.
l.21 \restylefloat
                  {table}
? 
./Prefacio.tex:24: Undefined control sequence.
l.24 \usepackage
                {fancyhdr}
? 
./Prefacio.tex:25: Undefined control sequence.
l.25 \setlength
               {\headheight}{15.2pt}
? 
./Prefacio.tex:25: Undefined control sequence.
l.25 \setlength{\headheight
                           }{15.2pt}
? 
./Prefacio.tex:26: Undefined control sequence.
l.26 \pagestyle
               {fancy}
? 
./Prefacio.tex:39: Undefined control sequence.
l.39  \newtheorem
                 {thm}{Theorem}[section]
? 
./Prefacio.tex:40: Undefined control sequence.
l.40  \newtheorem
                 {lem}[thm]{Lemma}
? 
./Prefacio.tex:41: Undefined control sequence.
l.41  \newtheorem
                 {prop}[thm]{Proposition}
? 
./Prefacio.tex:42: Undefined control sequence.
l.42  \newtheorem
                 *{prop*}{Proposition}
? 
./Prefacio.tex:43: Undefined control sequence.
l.43  \newtheorem
                 {cor}[thm]{Corollary}
? 
./Prefacio.tex:44: Undefined control sequence.
l.44  \newtheorem
                 {conj}[thm]{Claim}
? 
./Prefacio.tex:45: Undefined control sequence.
l.45  \newtheorem
                 {ej}[thm]{Example}
? 
./Prefacio.tex:46: Undefined control sequence.
l.46  \newtheorem
                 {ax}[thm]{Axiom}
? 

Overfull \hbox (44.38509pt too wide) in paragraph at lines 39--47
[]\tenrm thmTheorem[section] lem[thm]Lemma prop[thm]Proposition *prop*Propositi
on cor[thm]Corollary conj[thm]Claim|

\hbox(7.5+2.5)x469.75499, glue set - 1.0
.\hbox(0.0+0.0)x20.0
.\tenrm t
.\tenrm h
.\tenrm m
.\tenrm T
.etc.

)
*
(Please type a command or say `\end')
*
(Please type a command or say `\end')
*
(Please type a command or say `\end')
*
(Please type a command or say `\end')
*
(Please type a command or say `\end')
*
(Please type a command or say `\end')
*
(Please type a command or say `\end')
*
(Please type a command or say `\end')
*
(Please type a command or say `\end')
*
(Please type a command or say `\end')
*
(Please type a command or say `\end')
*
(Please type a command or say `\end')
*
(Please type a command or say `\end')
*
(Please type a command or say `\end')
*
(Please type a command or say `\end')
*
(Please type a command or say `\end')
*
(Please type a command or say `\end')
*
(Please type a command or say `\end')
*
(Please type a command or say `\end')
*
(Please type a command or say `\end')
*
(Please type a command or say `\end')
*
(Please type a command or say `\end')
*
(Please type a command or say `\end')
*
(Please type a command or say `\end')
*
(Please type a comm